   1 program prog4 is
   2 	number, count, total, average : integer;
   3 	procedure newNumber(n: value integer) is
   4 	begin
   5 		count := count + 1;
   6 		total := total + n;
   7 	end;
   8 begin
   9 	count := 0;
  10 	total := 0;
  11 	loop
  12 		write "Enter a number, 0 to exit: ";
  13 		read number ;
  14 		exit when number = 0;
  15 		newNumber(number);
  16 	end loop;
  17 	writeln "Count is " & int2string(count);
  18 	writeln "Total is " & int2string(total);
  19 	if count <> 0 then
  20 		average := total / count;
  21 		writeln "Average is " & int2string(average);
  22 	end if;
  23 end;
  24 
