   1 program prog5 is
   2 	number, dNumber, qNumber: integer;
   3 
   4 	procedure double(n1: value integer; n2: ref integer) is
   5 	begin
   6 		n2 := n1 + n1;
   7 	end double;
   8 
   9 	procedure quadruple(n1: value integer; n2: ref integer) is
  10 		n: integer;
  11 	begin
  12 		double(n1, n);
  13 		double(n, n);
  14 		n2 := n;
  15 	end quadruple;
  16 
  17 begin
  18 	write ("Enter a number: ");
  19 	read (number);
  20 	double(number, dNumber);
  21 	quadruple(number, qNumber);
  22 	writeln;	-- Leave an empty line
  23 	writeln (int2string(number), "  ", int2string(dnumber), "  ", int2string(qNumber));
  24 end prog5;
  25 
  26 
